2024-08-26 20:42:37:737 [Appium] Welcome to Appium v2.11.3
2024-08-26 20:42:37:741 [Appium] The autodetected Appium home path: /Users/anamhira/.appium
2024-08-26 20:42:37:742 [Appium] Attempting to load driver uiautomator2...
2024-08-26 20:42:37:749 [Appium] Requiring driver at /Users/anamhira/.appium/node_modules/appium-uiautomator2-driver/build/index.js
2024-08-26 20:42:38:746 [Appium] AndroidUiautomator2Driver has been successfully loaded in 1.004s
2024-08-26 20:42:38:796 [Appium] Appium REST http interface listener started on http://0.0.0.0:4723
2024-08-26 20:42:38:797 [Appium] You can provide the following URLs in your client code to connect to this server:
	http://127.0.0.1:4723/ (only accessible from the same host)
	http://192.168.0.121:4723/
2024-08-26 20:42:38:798 [Appium] Available drivers:
2024-08-26 20:42:38:798 [Appium]   - uiautomator2@3.7.7 (automationName 'UiAutomator2')
2024-08-26 20:42:38:799 [Appium] No plugins have been installed. Use the "appium plugin" command to install the one(s) you want to use.
2024-08-26 20:42:40:786 [HTTP] --> GET /wd/hub/status {}
2024-08-26 20:42:40:793 [HTTP] No route found for /wd/hub/status
2024-08-26 20:42:40:804 [HTTP] <-- GET /wd/hub/status 404 12 ms - 211 
2024-08-26 20:42:43:687 [HTTP] Request idempotency key: 79d1720f-c708-4d12-af1c-bdcaef8e8181
2024-08-26 20:42:43:700 [HTTP] --> POST /session {"capabilities":{"firstMatch":[{}],"alwaysMatch":{"appium:automationName":"UiAutomator2","platformName":"Android","appium:deviceName":"Android Device","appium:autoGrantPermission":true,"appium:newCommandTimeout":600,"appium:mjpegScreenshotUrl":"http://localhost:4723/stream.mjpeg"}}}
2024-08-26 20:42:43:701 [AppiumDriver@045c] Calling AppiumDriver.createSession() with args: [null,null,{"firstMatch":[{}],"alwaysMatch":{"appium:automationName":"UiAutomator2","platformName":"Android","appium:deviceName":"Android Device","appium:autoGrantPermission":true,"appium:newCommandTimeout":600,"appium:mjpegScreenshotUrl":"http://localhost:4723/stream.mjpeg"}}]
2024-08-26 20:42:43:702 [AppiumDriver@045c] Event 'newSessionRequested' logged at 1724704963702 (13:42:43 GMT-0700 (Pacific Daylight Saving Time))
2024-08-26 20:42:43:707 [Appium] Attempting to find matching driver for automationName 'UiAutomator2' and platformName 'Android'
2024-08-26 20:42:43:708 [Appium] The 'uiautomator2' driver was installed and matched caps.
2024-08-26 20:42:43:708 [Appium] Will require it at /Users/anamhira/.appium/node_modules/appium-uiautomator2-driver
2024-08-26 20:42:43:709 [Appium] Requiring driver at /Users/anamhira/.appium/node_modules/appium-uiautomator2-driver/build/index.js
2024-08-26 20:42:43:710 [AppiumDriver@045c] Appium v2.11.3 creating new AndroidUiautomator2Driver (v3.7.7) session
2024-08-26 20:42:43:710 [AppiumDriver@045c] Checking BaseDriver versions for Appium and AndroidUiautomator2Driver
2024-08-26 20:42:43:710 [AppiumDriver@045c] Appium's BaseDriver version is 9.11.3
2024-08-26 20:42:43:710 [AppiumDriver@045c] AndroidUiautomator2Driver's BaseDriver version is 9.11.3
2024-08-26 20:42:43:715 [38;5;-4m[AndroidUiautomator2Driver@83ea] 
2024-08-26 20:42:43:715 [38;5;-4m[AndroidUiautomator2Driver@83ea] Creating session with W3C capabilities: {
  "alwaysMatch": {
    "platformName": "Android",
    "appium:automationName": "UiAutomator2",
    "appium:deviceName": "Android Device",
    "appium:autoGrantPermission": true,
    "appium:newCommandTimeout": 600,
    "appium:mjpegScreenshotUrl": "http://localhost:4723/stream.mjpeg"
  },
  "firstMatch": [
    {}
  ]
}
2024-08-26 20:42:43:721 [38;5;-4m[AndroidUiautomator2Driver@83ea] The following provided capabilities were not recognized by this driver:
2024-08-26 20:42:43:721 [38;5;-4m[AndroidUiautomator2Driver@83ea]   autoGrantPermission
2024-08-26 20:42:43:722 [ccfc8807][38;5;-4m[AndroidUiautomator2Driver@83ea] Session created with session id: ccfc8807-0267-4df5-ba53-90ce0d504768
2024-08-26 20:42:43:734 [ccfc8807][ADB] Found 2 'build-tools' folders under '/Users/anamhira/Library/Android/sdk' (newest first):
2024-08-26 20:42:43:734 [ccfc8807][ADB]     /Users/anamhira/Library/Android/sdk/build-tools/35.0.0
2024-08-26 20:42:43:734 [ccfc8807][ADB]     /Users/anamhira/Library/Android/sdk/build-tools/30.0.3
2024-08-26 20:42:43:735 [ccfc8807][ADB] Using 'adb' from '/Users/anamhira/Library/Android/sdk/platform-tools/adb'
2024-08-26 20:42:43:735 [ccfc8807][ADB] Running '/Users/anamhira/Library/Android/sdk/platform-tools/adb -P 5037 start-server'
2024-08-26 20:42:43:760 [ccfc8807][38;5;-4m[AndroidUiautomator2Driver@83ea] Retrieving device list
2024-08-26 20:42:43:760 [ccfc8807][ADB] Trying to find connected Android devices
2024-08-26 20:42:43:760 [ccfc8807][ADB] Getting connected devices
2024-08-26 20:42:43:786 [ccfc8807][ADB] Connected devices: [{"udid":"emulator-5554","state":"device"}]
2024-08-26 20:42:43:787 [ccfc8807][38;5;-4m[AndroidUiautomator2Driver@83ea] Using device: emulator-5554
2024-08-26 20:42:43:788 [ccfc8807][ADB] Using 'adb' from '/Users/anamhira/Library/Android/sdk/platform-tools/adb'
2024-08-26 20:42:43:788 [ccfc8807][ADB] Running '/Users/anamhira/Library/Android/sdk/platform-tools/adb -P 5037 start-server'
2024-08-26 20:42:43:808 [ccfc8807][ADB] Setting device id to emulator-5554
2024-08-26 20:42:43:809 [ccfc8807][38;5;-4m[AndroidUiautomator2Driver@83ea] Neither 'app' nor 'appPackage' was set. Starting UiAutomator2 without the target application
2024-08-26 20:42:43:810 [ccfc8807][ADB] Running '/Users/anamhira/Library/Android/sdk/platform-tools/adb -P 5037 -s emulator-5554 shell getprop ro.build.version.sdk'
2024-08-26 20:42:43:926 [ccfc8807][ADB] Current device property 'ro.build.version.sdk': 35
2024-08-26 20:42:43:926 [ccfc8807][ADB] Getting device platform version
2024-08-26 20:42:43:926 [ccfc8807][ADB] Running '/Users/anamhira/Library/Android/sdk/platform-tools/adb -P 5037 -s emulator-5554 shell getprop ro.build.version.release'
2024-08-26 20:42:44:048 [ccfc8807][ADB] Current device property 'ro.build.version.release': 15
2024-08-26 20:42:44:048 [ccfc8807][ADB] Device API level: 35
2024-08-26 20:42:44:048 [ccfc8807][38;5;-4m[AndroidUiautomator2Driver@83ea] Relaxing hidden api policy
2024-08-26 20:42:44:048 [ccfc8807][ADB] Running '/Users/anamhira/Library/Android/sdk/platform-tools/adb -P 5037 -s emulator-5554 shell 'settings put global hidden_api_policy_pre_p_apps 1;settings put global hidden_api_policy_p_apps 1;settings put global hidden_api_policy 1''
2024-08-26 20:42:44:050 [ccfc8807][38;5;-4m[AndroidUiautomator2Driver@83ea] No app sent in, not parsing package/activity
2024-08-26 20:42:44:050 [ccfc8807][ADB] Running '/Users/anamhira/Library/Android/sdk/platform-tools/adb -P 5037 -s emulator-5554 wait-for-device'
2024-08-26 20:42:44:074 [ccfc8807][ADB] Running '/Users/anamhira/Library/Android/sdk/platform-tools/adb -P 5037 -s emulator-5554 shell echo ping'
2024-08-26 20:42:44:184 [ccfc8807][38;5;-4m[AndroidUiautomator2Driver@83ea] Pushing settings apk to the device...
2024-08-26 20:42:44:185 [ccfc8807][ADB] Getting package info for 'io.appium.settings'
2024-08-26 20:42:44:185 [ccfc8807][ADB] Running '/Users/anamhira/Library/Android/sdk/platform-tools/adb -P 5037 -s emulator-5554 shell dumpsys package io.appium.settings'
2024-08-26 20:42:44:462 [ccfc8807][ADB] App '/Users/anamhira/.appium/node_modules/appium-uiautomator2-driver/node_modules/io.appium.settings/apks/settings_apk-debug.apk' is not installed
2024-08-26 20:42:44:462 [ccfc8807][ADB] Installing '/Users/anamhira/.appium/node_modules/appium-uiautomator2-driver/node_modules/io.appium.settings/apks/settings_apk-debug.apk'
2024-08-26 20:42:44:463 [ccfc8807][ADB] Running '/Users/anamhira/Library/Android/sdk/platform-tools/adb -P 5037 -s emulator-5554 help'
2024-08-26 20:42:44:483 [ccfc8807][ADB] Running '/Users/anamhira/Library/Android/sdk/platform-tools/adb -P 5037 -s emulator-5554 features'
2024-08-26 20:42:44:505 [ccfc8807][ADB] The application at '/Users/anamhira/.appium/node_modules/appium-uiautomator2-driver/node_modules/io.appium.settings/apks/settings_apk-debug.apk' will not be cached, because the device under test has confirmed the support of streamed installs
2024-08-26 20:42:44:506 [ccfc8807][ADB] Running '/Users/anamhira/Library/Android/sdk/platform-tools/adb -P 5037 -s emulator-5554 install -g /Users/anamhira/.appium/node_modules/appium-uiautomator2-driver/node_modules/io.appium.settings/apks/settings_apk-debug.apk'
2024-08-26 20:42:46:411 [ccfc8807][ADB] The installation of 'settings_apk-debug.apk' took 1905ms
2024-08-26 20:42:46:411 [ccfc8807][ADB] Install command stdout: Performing Streamed Install
Success
2024-08-26 20:42:46:412 [ccfc8807][ADB] Running '/Users/anamhira/Library/Android/sdk/platform-tools/adb -P 5037 -s emulator-5554 shell dumpsys activity services io.appium.settings'
2024-08-26 20:42:46:573 [ccfc8807][ADB] Running '/Users/anamhira/Library/Android/sdk/platform-tools/adb -P 5037 -s emulator-5554 shell cmd notification allow_listener io.appium.settings/.NLService'
2024-08-26 20:42:46:574 [ccfc8807][ADB] Running '/Users/anamhira/Library/Android/sdk/platform-tools/adb -P 5037 -s emulator-5554 shell appops set io.appium.settings PROJECT_MEDIA allow'
2024-08-26 20:42:48:107 [ccfc8807][ADB] Running '/Users/anamhira/Library/Android/sdk/platform-tools/adb -P 5037 -s emulator-5554 shell dumpsys activity services io.appium.settings'
2024-08-26 20:42:48:288 [ccfc8807][SettingsApp] Starting Appium Settings app
2024-08-26 20:42:48:289 [ccfc8807][ADB] Running '/Users/anamhira/Library/Android/sdk/platform-tools/adb -P 5037 -s emulator-5554 shell am start -n io.appium.settings/.Settings -a android.intent.action.MAIN -c android.intent.category.LAUNCHER'
2024-08-26 20:42:48:722 [ccfc8807][ADB] Running '/Users/anamhira/Library/Android/sdk/platform-tools/adb -P 5037 -s emulator-5554 shell dumpsys activity services io.appium.settings'
2024-08-26 20:42:49:224 [ccfc8807][ADB] Running '/Users/anamhira/Library/Android/sdk/platform-tools/adb -P 5037 -s emulator-5554 shell dumpsys activity services io.appium.settings'
2024-08-26 20:42:49:698 [ccfc8807][ADB] Running '/Users/anamhira/Library/Android/sdk/platform-tools/adb -P 5037 -s emulator-5554 shell dumpsys activity services io.appium.settings'
2024-08-26 20:42:50:210 [ccfc8807][ADB] Running '/Users/anamhira/Library/Android/sdk/platform-tools/adb -P 5037 -s emulator-5554 shell dumpsys activity services io.appium.settings'
2024-08-26 20:42:50:672 [ccfc8807][ADB] Running '/Users/anamhira/Library/Android/sdk/platform-tools/adb -P 5037 -s emulator-5554 shell dumpsys activity services io.appium.settings'
2024-08-26 20:42:51:150 [ccfc8807][ADB] Running '/Users/anamhira/Library/Android/sdk/platform-tools/adb -P 5037 -s emulator-5554 shell dumpsys activity services io.appium.settings'
2024-08-26 20:42:51:337 [ccfc8807][Logcat] Starting logs capture with command: /Users/anamhira/Library/Android/sdk/platform-tools/adb -P 5037 -s emulator-5554 logcat -v threadtime
2024-08-26 20:42:51:585 [ccfc8807][38;5;-4m[AndroidUiautomator2Driver@83ea] Forwarding UiAutomator2 Server port 6790 to local port 8200
2024-08-26 20:42:51:586 [ccfc8807][ADB] Forwarding system: 8200 to device: 6790
2024-08-26 20:42:51:586 [ccfc8807][ADB] Running '/Users/anamhira/Library/Android/sdk/platform-tools/adb -P 5037 -s emulator-5554 forward tcp:8200 tcp:6790'
2024-08-26 20:42:51:617 [ccfc8807][ADB] Getting package info for 'io.appium.uiautomator2.server'
2024-08-26 20:42:51:618 [ccfc8807][ADB] Running '/Users/anamhira/Library/Android/sdk/platform-tools/adb -P 5037 -s emulator-5554 shell dumpsys package io.appium.uiautomator2.server'
2024-08-26 20:42:51:619 [ccfc8807][ADB] Getting install status for io.appium.uiautomator2.server.test
2024-08-26 20:42:51:620 [ccfc8807][38;5;-4m[AndroidUiautomator2Driver@83ea] No app capability. Assuming it is already on the device
2024-08-26 20:42:51:621 [ccfc8807][ADB] Running '/Users/anamhira/Library/Android/sdk/platform-tools/adb -P 5037 -s emulator-5554 shell cmd package list packages'
2024-08-26 20:42:51:950 [ccfc8807][ADB] App '/Users/anamhira/.appium/node_modules/appium-uiautomator2-driver/node_modules/appium-uiautomator2-server/apks/appium-uiautomator2-server-v7.0.22.apk' is not installed
2024-08-26 20:42:52:405 [ccfc8807][ADB] 'io.appium.uiautomator2.server.test' is not installed
2024-08-26 20:42:52:405 [ccfc8807][38;5;-4m[AndroidUiautomator2Driver@83ea] Server packages status: [{"installState":"notInstalled","appPath":"/Users/anamhira/.appium/node_modules/appium-uiautomator2-driver/node_modules/appium-uiautomator2-server/apks/appium-uiautomator2-server-v7.0.22.apk","appId":"io.appium.uiautomator2.server"},{"installState":"notInstalled","appPath":"/Users/anamhira/.appium/node_modules/appium-uiautomator2-driver/node_modules/appium-uiautomator2-server/apks/appium-uiautomator2-server-debug-androidTest.apk","appId":"io.appium.uiautomator2.server.test"}]
2024-08-26 20:42:52:405 [ccfc8807][38;5;-4m[AndroidUiautomator2Driver@83ea] Server packages are going to be (re)installed
2024-08-26 20:42:52:406 [ccfc8807][ADB] Running '/Users/anamhira/Library/Android/sdk/platform-tools/adb -P 5037 -s emulator-5554 version'
2024-08-26 20:42:52:436 [ccfc8807][ADB] The application at '/Users/anamhira/.appium/node_modules/appium-uiautomator2-driver/node_modules/appium-uiautomator2-server/apks/appium-uiautomator2-server-v7.0.22.apk' will not be cached, because the device under test has confirmed the support of streamed installs
2024-08-26 20:42:52:436 [ccfc8807][ADB] Running '/Users/anamhira/Library/Android/sdk/platform-tools/adb -P 5037 -s emulator-5554 install -r --no-incremental /Users/anamhira/.appium/node_modules/appium-uiautomator2-driver/node_modules/appium-uiautomator2-server/apks/appium-uiautomator2-server-v7.0.22.apk'
2024-08-26 20:42:52:437 [ccfc8807][ADB] The application at '/Users/anamhira/.appium/node_modules/appium-uiautomator2-driver/node_modules/appium-uiautomator2-server/apks/appium-uiautomator2-server-debug-androidTest.apk' will not be cached, because the device under test has confirmed the support of streamed installs
2024-08-26 20:42:52:437 [ccfc8807][ADB] Running '/Users/anamhira/Library/Android/sdk/platform-tools/adb -P 5037 -s emulator-5554 install -r --no-incremental /Users/anamhira/.appium/node_modules/appium-uiautomator2-driver/node_modules/appium-uiautomator2-server/apks/appium-uiautomator2-server-debug-androidTest.apk'
2024-08-26 20:42:56:115 [ccfc8807][ADB] The installation of 'appium-uiautomator2-server-debug-androidTest.apk' took 3677ms
2024-08-26 20:42:56:115 [ccfc8807][ADB] Install command stdout: Performing Streamed Install
Success
2024-08-26 20:42:57:272 [ccfc8807][ADB] The installation of 'appium-uiautomator2-server-v7.0.22.apk' took 4836ms
2024-08-26 20:42:57:272 [ccfc8807][ADB] Install command stdout: Performing Streamed Install
Success
2024-08-26 20:42:57:273 [ccfc8807][38;5;-4m[AndroidUiautomator2Driver@83ea] Waiting up to 30000ms for services to be available
2024-08-26 20:42:57:273 [ccfc8807][ADB] Running '/Users/anamhira/Library/Android/sdk/platform-tools/adb -P 5037 -s emulator-5554 shell pm list instrumentation'
2024-08-26 20:42:57:506 [ccfc8807][38;5;-4m[AndroidUiautomator2Driver@83ea] Instrumentation target 'io.appium.uiautomator2.server.test/androidx.test.runner.AndroidJUnitRunner' is available
2024-08-26 20:42:57:508 [ccfc8807][ADB] Adding packages ["io.appium.settings","io.appium.uiautomator2.server","io.appium.uiautomator2.server.test"] to Doze whitelist
2024-08-26 20:42:57:508 [ccfc8807][ADB] Got the following command chunks to execute: [["dumpsys","deviceidle","whitelist","+io.appium.settings",";","dumpsys","deviceidle","whitelist","+io.appium.uiautomator2.server",";","dumpsys","deviceidle","whitelist","+io.appium.uiautomator2.server.test",";"]]
2024-08-26 20:42:57:508 [ccfc8807][ADB] Running '/Users/anamhira/Library/Android/sdk/platform-tools/adb -P 5037 -s emulator-5554 shell dumpsys deviceidle whitelist +io.appium.settings ; dumpsys deviceidle whitelist +io.appium.uiautomator2.server ; dumpsys deviceidle whitelist +io.appium.uiautomator2.server.test ;'
2024-08-26 20:42:57:882 [ccfc8807][38;5;-4m[AndroidUiautomator2Driver@83ea] Performing shallow cleanup of automation leftovers
2024-08-26 20:42:57:961 [ccfc8807][38;5;-4m[AndroidUiautomator2Driver@83ea] No obsolete sessions have been detected (socket hang up)
2024-08-26 20:42:57:962 [ccfc8807][ADB] Running '/Users/anamhira/Library/Android/sdk/platform-tools/adb -P 5037 -s emulator-5554 shell am force-stop io.appium.uiautomator2.server'
2024-08-26 20:42:57:963 [ccfc8807][ADB] Running '/Users/anamhira/Library/Android/sdk/platform-tools/adb -P 5037 -s emulator-5554 shell am force-stop io.appium.uiautomator2.server.test'
2024-08-26 20:42:58:315 [ccfc8807][38;5;-4m[AndroidUiautomator2Driver@83ea] Starting UIAutomator2 server 7.0.22
2024-08-26 20:42:58:315 [ccfc8807][38;5;-4m[AndroidUiautomator2Driver@83ea] Using UIAutomator2 server from '/Users/anamhira/.appium/node_modules/appium-uiautomator2-driver/node_modules/appium-uiautomator2-server/apks/appium-uiautomator2-server-v7.0.22.apk' and test from '/Users/anamhira/.appium/node_modules/appium-uiautomator2-driver/node_modules/appium-uiautomator2-server/apks/appium-uiautomator2-server-debug-androidTest.apk'
2024-08-26 20:42:58:315 [ccfc8807][38;5;-4m[AndroidUiautomator2Driver@83ea] Waiting up to 30000ms for UiAutomator2 to be online...
2024-08-26 20:42:58:316 [ccfc8807][ADB] Creating ADB subprocess with args: ["-P","5037","-s","emulator-5554","shell","am","instrument","-w","-e","disableAnalytics","true","io.appium.uiautomator2.server.test/androidx.test.runner.AndroidJUnitRunner"]
2024-08-26 20:42:58:319 [ccfc8807][38;5;-4m[AndroidUiautomator2Driver@83ea] Matched '/status' to command name 'getStatus'
2024-08-26 20:42:58:319 [ccfc8807][38;5;-4m[AndroidUiautomator2Driver@83ea] Proxying [GET /status] to [GET http://127.0.0.1:8200/status] with no body
2024-08-26 20:42:58:366 [ccfc8807][38;5;-4m[AndroidUiautomator2Driver@83ea] socket hang up
2024-08-26 20:42:59:367 [ccfc8807][38;5;-4m[AndroidUiautomator2Driver@83ea] Matched '/status' to command name 'getStatus'
2024-08-26 20:42:59:368 [ccfc8807][38;5;-4m[AndroidUiautomator2Driver@83ea] Proxying [GET /status] to [GET http://127.0.0.1:8200/status] with no body
2024-08-26 20:42:59:377 [ccfc8807][38;5;-4m[AndroidUiautomator2Driver@83ea] socket hang up
2024-08-26 20:43:00:378 [ccfc8807][38;5;-4m[AndroidUiautomator2Driver@83ea] Matched '/status' to command name 'getStatus'
2024-08-26 20:43:00:379 [ccfc8807][38;5;-4m[AndroidUiautomator2Driver@83ea] Proxying [GET /status] to [GET http://127.0.0.1:8200/status] with no body
2024-08-26 20:43:00:387 [ccfc8807][38;5;-4m[AndroidUiautomator2Driver@83ea] socket hang up
2024-08-26 20:43:01:388 [ccfc8807][38;5;-4m[AndroidUiautomator2Driver@83ea] Matched '/status' to command name 'getStatus'
2024-08-26 20:43:01:388 [ccfc8807][38;5;-4m[AndroidUiautomator2Driver@83ea] Proxying [GET /status] to [GET http://127.0.0.1:8200/status] with no body
2024-08-26 20:43:01:394 [ccfc8807][38;5;-4m[AndroidUiautomator2Driver@83ea] socket hang up
2024-08-26 20:43:02:395 [ccfc8807][38;5;-4m[AndroidUiautomator2Driver@83ea] Matched '/status' to command name 'getStatus'
2024-08-26 20:43:02:395 [ccfc8807][38;5;-4m[AndroidUiautomator2Driver@83ea] Proxying [GET /status] to [GET http://127.0.0.1:8200/status] with no body
2024-08-26 20:43:02:401 [ccfc8807][38;5;-4m[AndroidUiautomator2Driver@83ea] socket hang up
2024-08-26 20:43:03:402 [ccfc8807][38;5;-4m[AndroidUiautomator2Driver@83ea] Matched '/status' to command name 'getStatus'
2024-08-26 20:43:03:403 [ccfc8807][38;5;-4m[AndroidUiautomator2Driver@83ea] Proxying [GET /status] to [GET http://127.0.0.1:8200/status] with no body
2024-08-26 20:43:03:415 [ccfc8807][38;5;-4m[AndroidUiautomator2Driver@83ea] socket hang up
2024-08-26 20:43:04:344 [ccfc8807][38;5;-4m[AndroidUiautomator2Driver@83ea] [Instrumentation] 
2024-08-26 20:43:04:416 [ccfc8807][38;5;-4m[AndroidUiautomator2Driver@83ea] Matched '/status' to command name 'getStatus'
2024-08-26 20:43:04:417 [ccfc8807][38;5;-4m[AndroidUiautomator2Driver@83ea] Proxying [GET /status] to [GET http://127.0.0.1:8200/status] with no body
2024-08-26 20:43:04:422 [ccfc8807][38;5;-4m[AndroidUiautomator2Driver@83ea] socket hang up
2024-08-26 20:43:05:423 [ccfc8807][38;5;-4m[AndroidUiautomator2Driver@83ea] Matched '/status' to command name 'getStatus'
2024-08-26 20:43:05:423 [ccfc8807][38;5;-4m[AndroidUiautomator2Driver@83ea] Proxying [GET /status] to [GET http://127.0.0.1:8200/status] with no body
2024-08-26 20:43:05:433 [ccfc8807][38;5;-4m[AndroidUiautomator2Driver@83ea] socket hang up
2024-08-26 20:43:06:434 [ccfc8807][38;5;-4m[AndroidUiautomator2Driver@83ea] Matched '/status' to command name 'getStatus'
2024-08-26 20:43:06:434 [ccfc8807][38;5;-4m[AndroidUiautomator2Driver@83ea] Proxying [GET /status] to [GET http://127.0.0.1:8200/status] with no body
2024-08-26 20:43:06:445 [ccfc8807][38;5;-4m[AndroidUiautomator2Driver@83ea] socket hang up
2024-08-26 20:43:07:447 [ccfc8807][38;5;-4m[AndroidUiautomator2Driver@83ea] Matched '/status' to command name 'getStatus'
2024-08-26 20:43:07:447 [ccfc8807][38;5;-4m[AndroidUiautomator2Driver@83ea] Proxying [GET /status] to [GET http://127.0.0.1:8200/status] with no body
2024-08-26 20:43:07:456 [ccfc8807][38;5;-4m[AndroidUiautomator2Driver@83ea] socket hang up
2024-08-26 20:43:08:456 [ccfc8807][38;5;-4m[AndroidUiautomator2Driver@83ea] Matched '/status' to command name 'getStatus'
2024-08-26 20:43:08:456 [ccfc8807][38;5;-4m[AndroidUiautomator2Driver@83ea] Proxying [GET /status] to [GET http://127.0.0.1:8200/status] with no body
2024-08-26 20:43:08:844 [ccfc8807][38;5;-4m[AndroidUiautomator2Driver@83ea] Got response with status 200: {"sessionId":"None","value":{"message":"UiAutomator2 Server is ready to accept commands","ready":true}}
2024-08-26 20:43:08:844 [ccfc8807][38;5;-4m[AndroidUiautomator2Driver@83ea] The initialization of the instrumentation process took 10528ms
2024-08-26 20:43:08:845 [ccfc8807][38;5;-4m[AndroidUiautomator2Driver@83ea] Matched '/session' to command name 'createSession'
2024-08-26 20:43:08:845 [ccfc8807][38;5;-4m[AndroidUiautomator2Driver@83ea] Proxying [POST /session] to [POST http://127.0.0.1:8200/session] with body: {"capabilities":{"firstMatch":[{"platformName":"Android","automationName":"UiAutomator2","deviceName":"emulator-5554","autoGrantPermission":true,"newCommandTimeout":600,"mjpegScreenshotUrl":"http://localhost:4723/stream.mjpeg","platform":"LINUX","webStorageEnabled":false,"takesScreenshot":true,"javascriptEnabled":true,"databaseEnabled":false,"networkConnectionEnabled":true,"locationContextEnabled":false,"warnings":{},"desired":{"platformName":"Android","automationName":"UiAutomator2","deviceName":"Android Device","autoGrantPermission":true,"newCommandTimeout":600,"mjpegScreenshotUrl":"http://localhost:4723/stream.mjpeg"},"deviceUDID":"emulator-5554"}],"alwaysMatch":{}}}
2024-08-26 20:43:09:029 [ccfc8807][38;5;-4m[AndroidUiautomator2Driver@83ea] Got response with status 200: {"sessionId":"2c801dda-e9b8-42e5-803d-f50008f3c3bf","value":{"capabilities":{"firstMatch":[{"platformName":"Android","automationName":"UiAutomator2","deviceName":"emulator-5554","autoGrantPermission":true,"newCommandTimeout":600,"mjpegScreenshotUrl":"http://localhost:4723/stream.mjpeg","platform":"LINUX","webStorageEnabled":false,"takesScreenshot":true,"javascriptEnabled":true,"databaseEnabled":false,"networkConnectionEnabled":true,"locationContextEnabled":false,"warnings":{},"desired":{"platformName":"Android","automationName":"UiAutomator2","deviceName":"Android Device","autoGrantPermission":true,"newCommandTimeout":600,"mjpegScreenshotUrl":"http://localhost:4723/stream.mjpeg"},"deviceUDID":"emulator-5554"}],"alwaysMatch":{}},"sessionId":"2c801dda-e9b8-42e5-803d-f50008f3c3bf"}}
2024-08-26 20:43:09:029 [ccfc8807][38;5;-4m[AndroidUiautomator2Driver@83ea] Determined the downstream protocol as 'W3C'
2024-08-26 20:43:09:066 [ccfc8807][38;5;-4m[AndroidUiautomator2Driver@83ea] Proxying [GET /appium/device/pixel_ratio] to [GET http://127.0.0.1:8200/session/2c801dda-e9b8-42e5-803d-f50008f3c3bf/appium/device/pixel_ratio] with no body
2024-08-26 20:43:09:070 [ccfc8807][38;5;-4m[AndroidUiautomator2Driver@83ea] Matched '/appium/device/system_bars' to command name 'getSystemBars'
2024-08-26 20:43:09:070 [ccfc8807][38;5;-4m[AndroidUiautomator2Driver@83ea] Proxying [GET /appium/device/system_bars] to [GET http://127.0.0.1:8200/session/2c801dda-e9b8-42e5-803d-f50008f3c3bf/appium/device/system_bars] with no body
2024-08-26 20:43:09:072 [ccfc8807][38;5;-4m[AndroidUiautomator2Driver@83ea] Matched '/window/current/size' to command name 'getWindowSize'
2024-08-26 20:43:09:072 [ccfc8807][38;5;-4m[AndroidUiautomator2Driver@83ea] Proxying [GET /window/current/size] to [GET http://127.0.0.1:8200/session/2c801dda-e9b8-42e5-803d-f50008f3c3bf/window/current/size] with no body
2024-08-26 20:43:09:079 [ccfc8807][38;5;-4m[AndroidUiautomator2Driver@83ea] Proxying [GET /appium/device/info] to [GET http://127.0.0.1:8200/session/2c801dda-e9b8-42e5-803d-f50008f3c3bf/appium/device/info] with no body
2024-08-26 20:43:09:080 [ccfc8807][ADB] Running '/Users/anamhira/Library/Android/sdk/platform-tools/adb -P 5037 -s emulator-5554 shell dumpsys window'
2024-08-26 20:43:09:081 [ccfc8807][ADB] Running '/Users/anamhira/Library/Android/sdk/platform-tools/adb -P 5037 -s emulator-5554 shell dumpsys power'
2024-08-26 20:43:09:209 [ccfc8807][38;5;-4m[AndroidUiautomator2Driver@83ea] Got response with status 200: {"sessionId":"2c801dda-e9b8-42e5-803d-f50008f3c3bf","value":2.625}
2024-08-26 20:43:09:250 [ccfc8807][38;5;-4m[AndroidUiautomator2Driver@83ea] Got response with status 200: {"sessionId":"2c801dda-e9b8-42e5-803d-f50008f3c3bf","value":{"height":1840,"width":2208}}
2024-08-26 20:43:09:261 [ccfc8807][38;5;-4m[AndroidUiautomator2Driver@83ea] Got response with status 200: {"sessionId":"2c801dda-e9b8-42e5-803d-f50008f3c3bf","value":{"statusBar":74}}
2024-08-26 20:43:09:558 [ccfc8807][38;5;-4m[AndroidUiautomator2Driver@83ea] Got response with status 200: {"sessionId":"2c801dda-e9b8-42e5-803d-f50008f3c3bf","value":{"androidId":"fa99cbfa5ae3b08a","apiVersion":"35","bluetooth":{"state":"ON"},"brand":"google","carrierName":"T-Mobile","displayDensity":420,"locale":"en_US","manufacturer":"Google","model":"sdk_gphone16k_x86_64","networks":[{"capabilities":{"SSID":null,"linkDownBandwidthKbps":30000,"linkUpstreamBandwidthKbps":12000,"networkCapabilities":"NET_CAPABILITY_NOT_METERED,NET_CAPABILITY_INTERNET,NET_CAPABILITY_NOT_RESTRICTED,NET_CAPABILITY_TRUSTED,NET_CAPABILITY_NOT_VPN,NET_CAPABILITY_NOT_ROAMING,NET_CAPABILITY_FOREGROUND,NET_CAPABILITY_NOT_CONGESTED,NET_CAPABILITY_NOT_SUSPENDED","signalStrength":-50,"transportTypes":"TRANSPORT_WIFI"},"detailedState":"CONNECTED","extraInfo":"","isAvailable":true,"isConnected":true,"isFailover":false,"isRoaming":false,"state":"CONNECTED","subtype":-1,"subtypeName":"","type":1,"typeName":"WIFI"},{"capabilities":{"SSID":null,"linkDownBandwidthKbps":30000,"linkUpstreamBandwidthKbps":15000,"networkCapabilities":"NET_CAPABILITY...
2024-08-26 20:43:09:766 [ccfc8807][38;5;-4m[AndroidUiautomator2Driver@83ea] Screen already unlocked, doing nothing
2024-08-26 20:43:09:767 [ccfc8807][38;5;-4m[AndroidUiautomator2Driver@83ea] Starting MJPEG stream reading URL: 'http://localhost:4723/stream.mjpeg'
2024-08-26 20:43:09:767 [ccfc8807][Support] Loading local package 'mjpeg-consumer'
2024-08-26 20:43:09:778 [HTTP] --> GET /stream.mjpeg {}
2024-08-26 20:43:09:783 [HTTP] No route found for /stream.mjpeg
2024-08-26 20:43:09:786 [HTTP] <-- GET /stream.mjpeg 404 7 ms - 211 
2024-08-26 20:43:09:790 [ccfc8807][Support] Error getting MJpeg screenshot chunk: Request failed with status code 404
2024-08-26 20:43:09:791 [ccfc8807][AppiumDriver@045c] New AndroidUiautomator2Driver session created successfully, session ccfc8807-0267-4df5-ba53-90ce0d504768 added to master session list
2024-08-26 20:43:09:792 [ccfc8807][AppiumDriver@045c] Event 'newSessionStarted' logged at 1724704989791 (13:43:09 GMT-0700 (Pacific Daylight Saving Time))
2024-08-26 20:43:09:792 [ccfc8807][38;5;-4m[AndroidUiautomator2Driver@83ea] Cached the protocol value 'W3C' for the new session ccfc8807-0267-4df5-ba53-90ce0d504768
2024-08-26 20:43:09:792 [ccfc8807][38;5;-4m[AndroidUiautomator2Driver@83ea] Responding to client with driver.createSession() result: {"capabilities":{"platformName":"Android","automationName":"UiAutomator2","deviceName":"emulator-5554","autoGrantPermission":true,"newCommandTimeout":600,"mjpegScreenshotUrl":"http://localhost:4723/stream.mjpeg","platform":"LINUX","webStorageEnabled":false,"takesScreenshot":true,"javascriptEnabled":true,"databaseEnabled":false,"networkConnectionEnabled":true,"locationContextEnabled":false,"warnings":{},"desired":{"platformName":"Android","automationName":"UiAutomator2","deviceName":"Android Device","autoGrantPermission":true,"newCommandTimeout":600,"mjpegScreenshotUrl":"http://localhost:4723/stream.mjpeg"},"deviceUDID":"emulator-5554","pixelRatio":"2.625","statBarHeight":74,"viewportRect":{"left":0,"top":74,"width":2208,"height":1766},"deviceApiLevel":35,"platformVersion":"15","deviceManufacturer":"Google","deviceModel":"sdk_gphone16k_x86_64","deviceScreenSize":"2208x1840","deviceScreenDensity":420}}
2024-08-26 20:43:09:793 [ccfc8807][HTTP] <-- POST /session 200 26093 ms - 974 
2024-08-26 20:43:09:799 [ccfc8807][HTTP] --> POST /session/ccfc8807-0267-4df5-ba53-90ce0d504768/appium/settings {"settings":{"waitForIdleTimeout":0,"shouldWaitForQuiescence":false,"maxTypingFrequency":60}}
2024-08-26 20:43:09:801 [ccfc8807][38;5;-4m[AndroidUiautomator2Driver@83ea] Calling AppiumDriver.updateSettings() with args: [{"waitForIdleTimeout":0,"shouldWaitForQuiescence":false,"maxTypingFrequency":60},"ccfc8807-0267-4df5-ba53-90ce0d504768"]
2024-08-26 20:43:09:806 [ccfc8807][38;5;-4m[AndroidUiautomator2Driver@83ea] Matched '/appium/settings' to command name 'updateSettings'
2024-08-26 20:43:09:806 [ccfc8807][38;5;-4m[AndroidUiautomator2Driver@83ea] Proxying [POST /appium/settings] to [POST http://127.0.0.1:8200/session/2c801dda-e9b8-42e5-803d-f50008f3c3bf/appium/settings] with body: {"settings":{"waitForIdleTimeout":0,"shouldWaitForQuiescence":false,"maxTypingFrequency":60}}
2024-08-26 20:43:09:856 [ccfc8807][38;5;-4m[AndroidUiautomator2Driver@83ea] Got response with status 200: {"sessionId":"2c801dda-e9b8-42e5-803d-f50008f3c3bf","value":null}
2024-08-26 20:43:09:856 [ccfc8807][38;5;-4m[AndroidUiautomator2Driver@83ea] Responding to client with driver.updateSettings() result: null
2024-08-26 20:43:09:857 [ccfc8807][HTTP] <-- POST /session/ccfc8807-0267-4df5-ba53-90ce0d504768/appium/settings 200 57 ms - 14 
2024-08-26 20:43:09:859 [ccfc8807][HTTP] --> POST /session/ccfc8807-0267-4df5-ba53-90ce0d504768/execute/sync {"script":"mobile: activateApp","args":[{"appId":"com.android.settings","bundleId":"com.android.settings"}]}
2024-08-26 20:43:09:860 [ccfc8807][38;5;-4m[AndroidUiautomator2Driver@83ea] Calling AppiumDriver.execute() with args: ["mobile: activateApp",[{"appId":"com.android.settings","bundleId":"com.android.settings"}],"ccfc8807-0267-4df5-ba53-90ce0d504768"]
2024-08-26 20:43:09:860 [ccfc8807][38;5;-4m[AndroidUiautomator2Driver@83ea] Executing native command 'mobile: activateApp'
2024-08-26 20:43:09:864 [ccfc8807][38;5;-4m[AndroidUiautomator2Driver@83ea] Activating 'com.android.settings'
2024-08-26 20:43:09:864 [ccfc8807][ADB] Running '/Users/anamhira/Library/Android/sdk/platform-tools/adb -P 5037 -s emulator-5554 shell cmd package resolve-activity --brief com.android.settings'
2024-08-26 20:43:10:240 [ccfc8807][ADB] Running '/Users/anamhira/Library/Android/sdk/platform-tools/adb -P 5037 -s emulator-5554 shell am start-activity -a android.intent.action.MAIN -c android.intent.category.LAUNCHER -f 0x10200000 -n com.android.settings/.Settings'
2024-08-26 20:43:10:697 [ccfc8807][38;5;-4m[AndroidUiautomator2Driver@83ea] Starting: Intent { act=android.intent.action.MAIN cat=[android.intent.category.LAUNCHER] flg=0x10200000 cmp=com.android.settings/.Settings }
2024-08-26 20:43:10:697 [ccfc8807][38;5;-4m[AndroidUiautomator2Driver@83ea] Responding to client with driver.execute() result: null
2024-08-26 20:43:10:698 [ccfc8807][HTTP] <-- POST /session/ccfc8807-0267-4df5-ba53-90ce0d504768/execute/sync 200 839 ms - 14 
2024-08-26 20:43:10:702 [ccfc8807][HTTP] --> GET /session/ccfc8807-0267-4df5-ba53-90ce0d504768/source {}
2024-08-26 20:43:10:703 [ccfc8807][38;5;-4m[AndroidUiautomator2Driver@83ea] Driver proxy active, passing request on via HTTP proxy
2024-08-26 20:43:10:704 [ccfc8807][38;5;-4m[AndroidUiautomator2Driver@83ea] Matched '/session/ccfc8807-0267-4df5-ba53-90ce0d504768/source' to command name 'getPageSource'
2024-08-26 20:43:10:704 [ccfc8807][38;5;-4m[AndroidUiautomator2Driver@83ea] Proxying [GET /session/ccfc8807-0267-4df5-ba53-90ce0d504768/source] to [GET http://127.0.0.1:8200/session/2c801dda-e9b8-42e5-803d-f50008f3c3bf/source] with no body
2024-08-26 20:43:11:223 [ccfc8807][38;5;-4m[AndroidUiautomator2Driver@83ea] Got response with status 200: {"sessionId":"2c801dda-e9b8-42e5-803d-f50008f3c3bf","value":"<?xml version='1.0' encoding='UTF-8' standalone='yes' ?>\r\n<hierarchy index=\"0\" class=\"hierarchy\" rotation=\"0\" width=\"2208\" height=\"1840\">\r\n  <android.widget.FrameLayout index=\"0\" package=\"com.google.android.apps.nexuslauncher\" class=\"android.widget.FrameLayout\" text=\"\" checkable=\"false\" checked=\"false\" clickable=\"false\" enabled=\"true\" focusable=\"false\" focused=\"false\" long-clickable=\"false\" password=\"false\" scrollable=\"false\" selected=\"false\" bounds=\"[0,0][2208,1840]\" displayed=\"true\">\r\n    <android.widget.LinearLayout index=\"0\" package=\"com.google.android.apps.nexuslauncher\" class=\"android.widget.LinearLayout\" text=\"\" checkable=\"false\" checked=\"false\" clickable=\"false\" enabled=\"true\" focusable=\"false\" focused=\"false\" long-clickable=\"false\" password=\"false\" scrollable=\"false\" selected=\"false\" bounds=\"[0,0][2208,1840]\" displayed=\"true\">\r\n      <android.widget.FrameLa...
2024-08-26 20:43:11:224 [ccfc8807][38;5;-4m[AndroidUiautomator2Driver@83ea] Replacing sessionId 2c801dda-e9b8-42e5-803d-f50008f3c3bf with ccfc8807-0267-4df5-ba53-90ce0d504768
2024-08-26 20:43:11:225 [ccfc8807][HTTP] <-- GET /session/ccfc8807-0267-4df5-ba53-90ce0d504768/source 200 522 ms - 16614 
